<?xml version="1.0" encoding="UTF-8"?>
<testng-results skipped="0" failed="0" total="1" passed="1">
  <reporter-output>
  </reporter-output>
  <suite name="Default suite" duration-ms="7313" started-at="2019-09-25T06:32:11Z" finished-at="2019-09-25T06:32:19Z">
    <groups>
    </groups>
    <test name="Default test" duration-ms="7313" started-at="2019-09-25T06:32:11Z" finished-at="2019-09-25T06:32:19Z">
      <class name="MavenProject2.MVNTest.App">
        <test-method status="PASS" signature="openbrowser()[pri:0, instance:MavenProject2.MVNTest.App@f736069]" name="openbrowser" is-config="true" duration-ms="4399" started-at="2019-09-25T12:02:11Z" finished-at="2019-09-25T12:02:16Z">
          <reporter-output>
          </reporter-output>
        </test-method> <!-- openbrowser -->
        <test-method status="PASS" signature="verifyTitle()[pri:0, instance:MavenProject2.MVNTest.App@f736069]" name="verifyTitle" duration-ms="94" started-at="2019-09-25T12:02:16Z" finished-at="2019-09-25T12:02:16Z">
          <reporter-output>
          </reporter-output>
        </test-method> <!-- verifyTitle -->
        <test-method status="PASS" signature="closebrowser()[pri:0, instance:MavenProject2.MVNTest.App@f736069]" name="closebrowser" is-config="true" duration-ms="2779" started-at="2019-09-25T12:02:16Z" finished-at="2019-09-25T12:02:19Z">
          <reporter-output>
          </reporter-output>
        </test-method> <!-- closebrowser -->
      </class> <!-- MavenProject2.MVNTest.App -->
    </test> <!-- Default test -->
  </suite> <!-- Default suite -->
</testng-results>
